Determining if the pthread_create exist failed with the following output:
Change Dir: /home/halrover/git/kyle/rover_nav_gui_ws/build/CMakeFiles/CMakeTmp

Run Build Command:/usr/bin/make "cmTryCompileExec4117818063/fast"
/usr/bin/make -f CMakeFiles/cmTryCompileExec4117818063.dir/build.make CMakeFiles/cmTryCompileExec4117818063.dir/build
make[1]: Entering directory `/home/halrover/git/kyle/rover_nav_gui_ws/build/CMakeFiles/CMakeTmp'
/usr/bin/cmake -E cmake_progress_report /home/halrover/git/kyle/rover_nav_gui_ws/build/CMakeFiles/CMakeTmp/CMakeFiles 1
Building C object CMakeFiles/cmTryCompileExec4117818063.dir/CheckSymbolExists.c.o
/usr/bin/cc    -o CMakeFiles/cmTryCompileExec4117818063.dir/CheckSymbolExists.c.o   -c /home/halrover/git/kyle/rover_nav_gui_ws/build/CMakeFiles/CMakeTmp/CheckSymbolExists.c
Linking C executable cmTryCompileExec4117818063
/usr/bin/cmake -E cmake_link_script CMakeFiles/cmTryCompileExec4117818063.dir/link.txt --verbose=1
/usr/bin/cc       CMakeFiles/cmTryCompileExec4117818063.dir/CheckSymbolExists.c.o  -o cmTryCompileExec4117818063 -rdynamic 
CMakeFiles/cmTryCompileExec4117818063.dir/CheckSymbolExists.c.o: In function `main':
CheckSymbolExists.c:(.text+0x16): undefined reference to `pthread_create'
collect2: error: ld returned 1 exit status
make[1]: *** [cmTryCompileExec4117818063] Error 1
make[1]: Leaving directory `/home/halrover/git/kyle/rover_nav_gui_ws/build/CMakeFiles/CMakeTmp'
make: *** [cmTryCompileExec4117818063/fast] Error 2

File /home/halrover/git/kyle/rover_nav_gui_ws/build/CMakeFiles/CMakeTmp/CheckSymbolExists.c:
/* */
#include <pthread.h>

int main(int argc, char** argv)
{
  (void)argv;
#ifndef pthread_create
  return ((int*)(&pthread_create))[argc];
#else
  (void)argc;
  return 0;
#endif
}

Determining if the function pthread_create exists in the pthreads failed with the following output:
Change Dir: /home/halrover/git/kyle/rover_nav_gui_ws/build/CMakeFiles/CMakeTmp

Run Build Command:/usr/bin/make "cmTryCompileExec3450596207/fast"
/usr/bin/make -f CMakeFiles/cmTryCompileExec3450596207.dir/build.make CMakeFiles/cmTryCompileExec3450596207.dir/build
make[1]: Entering directory `/home/halrover/git/kyle/rover_nav_gui_ws/build/CMakeFiles/CMakeTmp'
/usr/bin/cmake -E cmake_progress_report /home/halrover/git/kyle/rover_nav_gui_ws/build/CMakeFiles/CMakeTmp/CMakeFiles 1
Building C object CMakeFiles/cmTryCompileExec3450596207.dir/CheckFunctionExists.c.o
/usr/bin/cc   -DCHECK_FUNCTION_EXISTS=pthread_create   -o CMakeFiles/cmTryCompileExec3450596207.dir/CheckFunctionExists.c.o   -c /usr/share/cmake-2.8/Modules/CheckFunctionExists.c
Linking C executable cmTryCompileExec3450596207
/usr/bin/cmake -E cmake_link_script CMakeFiles/cmTryCompileExec3450596207.dir/link.txt --verbose=1
/usr/bin/cc   -DCHECK_FUNCTION_EXISTS=pthread_create    CMakeFiles/cmTryCompileExec3450596207.dir/CheckFunctionExists.c.o  -o cmTryCompileExec3450596207 -rdynamic -lpthreads 
/usr/bin/ld: cannot find -lpthreads
collect2: error: ld returned 1 exit status
make[1]: *** [cmTryCompileExec3450596207] Error 1
make[1]: Leaving directory `/home/halrover/git/kyle/rover_nav_gui_ws/build/CMakeFiles/CMakeTmp'
make: *** [cmTryCompileExec3450596207/fast] Error 2


